<?xml version="1.0" encoding="UTF-8"?>
<!-- Generated by org.testng.reporters.JUnitReportReporter -->
<testsuite hostname="LAPTOP-CRAP0BHH" failures="0" tests="1" name="RestAssured.getHttpRequest" time="2.783" errors="0" timestamp="2025-03-25T15:06:41 IST" skipped="0">
  <testcase classname="RestAssured.getHttpRequest" name="getHttpRequest" time="2.783"/>
  <system-out/>
</testsuite> <!-- RestAssured.getHttpRequest -->
