<?xml version="1.0" encoding="UTF-8"?>
<!-- Generated by org.testng.reporters.JUnitReportReporter -->
<testsuite hostname="LAPTOP-CRAP0BHH" failures="0" tests="1" name="com.ignite.optum.TestNGAnnotationPart2" time="0.002" errors="0" timestamp="2025-02-02T23:01:00 IST" skipped="0">
  <testcase classname="com.ignite.optum.TestNGAnnotationPart2" name="testAnn2" time="0.002"/>
</testsuite> <!-- com.ignite.optum.TestNGAnnotationPart2 -->
