<?xml version="1.0" encoding="UTF-8"?>
<!-- Generated by org.testng.reporters.JUnitReportReporter -->
<testsuite hostname="LAPTOP-CRAP0BHH" failures="0" tests="1" name="RestAssured.DataDriverforRest" time="3.983" errors="0" timestamp="2025-03-25T14:45:20 IST" skipped="0">
  <testcase classname="RestAssured.DataDriverforRest" name="enterDatabyDataDriven" time="3.983"/>
  <system-out/>
</testsuite> <!-- RestAssured.DataDriverforRest -->
