<?xml version="1.0" encoding="UTF-8"?>
<!-- Generated by org.testng.reporters.JUnitReportReporter -->
<testsuite hostname="LAPTOP-CRAP0BHH" failures="0" tests="1" name="com.ignite.optum.Assertion" time="0.022" errors="0" timestamp="2025-03-23T10:10:20 IST" skipped="0">
  <testcase classname="com.ignite.optum.Assertion" name="assertVerify" time="0.022"/>
  <system-out/>
</testsuite> <!-- com.ignite.optum.Assertion -->
