<?xml version="1.0" encoding="UTF-8"?>
<!-- Generated by org.testng.reporters.JUnitReportReporter -->
<testsuite hostname="LAPTOP-CRAP0BHH" failures="0" tests="5" name="com.ignite.optum.Annotatio3" time="0.030" errors="0" timestamp="2025-03-20T22:57:33 IST" skipped="0">
  <testcase classname="com.ignite.optum.Annotatio3" name="count" time="0.017"/>
  <system-out/>
  <testcase classname="com.ignite.optum.Annotatio3" name="count" time="0.002"/>
  <system-out/>
  <testcase classname="com.ignite.optum.Annotatio3" name="test3" time="0.002"/>
  <system-out/>
  <testcase classname="com.ignite.optum.Annotatio3" name="test2" time="0.006"/>
  <system-out/>
  <testcase classname="com.ignite.optum.Annotatio3" name="group" time="0.003"/>
  <system-out/>
</testsuite> <!-- com.ignite.optum.Annotatio3 -->
