<?xml version="1.0" encoding="UTF-8"?>
<!-- Generated by org.testng.reporters.JUnitReportReporter -->
<testsuite hostname="LAPTOP-CRAP0BHH" failures="0" tests="2" name="com.ignite.optum.TestNGAnnotation" time="0.011" errors="0" timestamp="2025-02-27T23:47:42 IST" skipped="0">
  <testcase classname="com.ignite.optum.TestNGAnnotation" name="test1" time="0.008"/>
  <system-out/>
  <testcase classname="com.ignite.optum.TestNGAnnotation" name="test2" time="0.003"/>
  <system-out/>
</testsuite> <!-- com.ignite.optum.TestNGAnnotation -->
