<?xml version="1.0" encoding="UTF-8"?>
<!-- Generated by org.testng.reporters.JUnitReportReporter -->
<testsuite hostname="LAPTOP-CRAP0BHH" failures="0" tests="1" name="RestAssured.getHttpRequest" time="2.642" errors="0" timestamp="2025-02-18T00:05:51 IST" skipped="0">
  <testcase classname="RestAssured.getHttpRequest" name="getHttpRequest" time="2.642"/>
</testsuite> <!-- RestAssured.getHttpRequest -->
