<?xml version="1.0" encoding="UTF-8"?>
<!-- Generated by org.testng.reporters.JUnitReportReporter -->
<testsuite hostname="LAPTOP-CRAP0BHH" failures="0" tests="1" name="com.ignite.optum.BrokenLinks" time="8.526" errors="0" timestamp="2025-02-22T10:45:57 IST" skipped="0">
  <testcase classname="com.ignite.optum.BrokenLinks" name="links" time="8.526"/>
</testsuite> <!-- com.ignite.optum.BrokenLinks -->
