<?xml version="1.0" encoding="UTF-8"?>
<!-- Generated by org.testng.reporters.JUnitReportReporter -->
<testsuite hostname="LAPTOP-CRAP0BHH" failures="0" tests="1" name="Listeners.AppTest" time="3.792" errors="0" timestamp="2025-02-22T18:59:24 IST" skipped="0">
  <testcase classname="Listeners.AppTest" name="test1" time="3.792"/>
</testsuite> <!-- Listeners.AppTest -->
